mode: set
go-hexagonal/business/pet/pet.go:25.27,38.2 1 0
go-hexagonal/business/pet/pet.go:41.89,53.2 1 0
go-hexagonal/business/transaction/service.go:23.48,27.2 1 0
go-hexagonal/business/transaction/service.go:29.88,32.16 2 0
go-hexagonal/business/transaction/service.go:36.2,49.16 3 0
go-hexagonal/business/transaction/service.go:53.2,53.12 1 0
go-hexagonal/business/transaction/service.go:32.16,34.3 1 0
go-hexagonal/business/transaction/service.go:49.16,51.3 1 0
go-hexagonal/business/transaction/service.go:56.95,59.16 2 0
go-hexagonal/business/transaction/service.go:63.2,63.26 1 0
go-hexagonal/business/transaction/service.go:59.16,61.3 1 0
go-hexagonal/business/transaction/service.go:66.82,69.16 2 0
go-hexagonal/business/transaction/service.go:73.2,73.25 1 0
go-hexagonal/business/transaction/service.go:69.16,71.3 1 0
go-hexagonal/business/transaction/service.go:76.77,79.16 2 0
go-hexagonal/business/transaction/service.go:83.2,83.12 1 0
go-hexagonal/business/transaction/service.go:79.16,81.3 1 0
go-hexagonal/business/transaction/service.go:86.62,89.16 2 0
go-hexagonal/business/transaction/service.go:93.2,93.12 1 0
go-hexagonal/business/transaction/service.go:89.16,91.3 1 0
go-hexagonal/business/transaction/transaction.go:25.178,37.2 1 0
go-hexagonal/business/user/mocks/Repository.go:17.82,21.59 3 0
go-hexagonal/business/user/mocks/Repository.go:29.2,30.53 2 0
go-hexagonal/business/user/mocks/Repository.go:36.2,36.15 1 0
go-hexagonal/business/user/mocks/Repository.go:21.59,23.3 1 0
go-hexagonal/business/user/mocks/Repository.go:23.8,24.24 1 0
go-hexagonal/business/user/mocks/Repository.go:24.24,26.4 1 0
go-hexagonal/business/user/mocks/Repository.go:30.53,32.3 1 0
go-hexagonal/business/user/mocks/Repository.go:32.8,34.3 1 0
go-hexagonal/business/user/mocks/Repository.go:40.64,44.53 3 0
go-hexagonal/business/user/mocks/Repository.go:52.2,53.48 2 0
go-hexagonal/business/user/mocks/Repository.go:59.2,59.15 1 0
go-hexagonal/business/user/mocks/Repository.go:44.53,46.3 1 0
go-hexagonal/business/user/mocks/Repository.go:46.8,47.24 1 0
go-hexagonal/business/user/mocks/Repository.go:47.24,49.4 1 0
go-hexagonal/business/user/mocks/Repository.go:53.48,55.3 1 0
go-hexagonal/business/user/mocks/Repository.go:55.8,57.3 1 0
go-hexagonal/business/user/mocks/Repository.go:62.79,66.56 3 1
go-hexagonal/business/user/mocks/Repository.go:74.2,75.51 2 1
go-hexagonal/business/user/mocks/Repository.go:81.2,81.15 1 1
go-hexagonal/business/user/mocks/Repository.go:66.56,68.3 1 0
go-hexagonal/business/user/mocks/Repository.go:68.8,69.24 1 1
go-hexagonal/business/user/mocks/Repository.go:69.24,71.4 1 1
go-hexagonal/business/user/mocks/Repository.go:75.51,77.3 1 0
go-hexagonal/business/user/mocks/Repository.go:77.8,79.3 1 1
go-hexagonal/business/user/mocks/Repository.go:85.107,89.64 3 0
go-hexagonal/business/user/mocks/Repository.go:97.2,98.59 2 0
go-hexagonal/business/user/mocks/Repository.go:104.2,104.15 1 0
go-hexagonal/business/user/mocks/Repository.go:89.64,91.3 1 0
go-hexagonal/business/user/mocks/Repository.go:91.8,92.24 1 0
go-hexagonal/business/user/mocks/Repository.go:92.24,94.4 1 0
go-hexagonal/business/user/mocks/Repository.go:98.59,100.3 1 0
go-hexagonal/business/user/mocks/Repository.go:100.8,102.3 1 0
go-hexagonal/business/user/mocks/Repository.go:108.55,112.54 3 1
go-hexagonal/business/user/mocks/Repository.go:118.2,118.11 1 1
go-hexagonal/business/user/mocks/Repository.go:112.54,114.3 1 0
go-hexagonal/business/user/mocks/Repository.go:114.8,116.3 1 1
go-hexagonal/business/user/mocks/Repository.go:122.75,126.59 3 1
go-hexagonal/business/user/mocks/Repository.go:132.2,132.11 1 1
go-hexagonal/business/user/mocks/Repository.go:126.59,128.3 1 0
go-hexagonal/business/user/mocks/Repository.go:128.8,130.3 1 1
go-hexagonal/business/user/mocks/Service.go:17.79,21.59 3 0
go-hexagonal/business/user/mocks/Service.go:29.2,30.53 2 0
go-hexagonal/business/user/mocks/Service.go:36.2,36.15 1 0
go-hexagonal/business/user/mocks/Service.go:21.59,23.3 1 0
go-hexagonal/business/user/mocks/Service.go:23.8,24.24 1 0
go-hexagonal/business/user/mocks/Service.go:24.24,26.4 1 0
go-hexagonal/business/user/mocks/Service.go:30.53,32.3 1 0
go-hexagonal/business/user/mocks/Service.go:32.8,34.3 1 0
go-hexagonal/business/user/mocks/Service.go:40.61,44.53 3 0
go-hexagonal/business/user/mocks/Service.go:52.2,53.48 2 0
go-hexagonal/business/user/mocks/Service.go:59.2,59.15 1 0
go-hexagonal/business/user/mocks/Service.go:44.53,46.3 1 0
go-hexagonal/business/user/mocks/Service.go:46.8,47.24 1 0
go-hexagonal/business/user/mocks/Service.go:47.24,49.4 1 0
go-hexagonal/business/user/mocks/Service.go:53.48,55.3 1 0
go-hexagonal/business/user/mocks/Service.go:55.8,57.3 1 0
go-hexagonal/business/user/mocks/Service.go:62.76,66.56 3 0
go-hexagonal/business/user/mocks/Service.go:74.2,75.51 2 0
go-hexagonal/business/user/mocks/Service.go:81.2,81.15 1 0
go-hexagonal/business/user/mocks/Service.go:66.56,68.3 1 0
go-hexagonal/business/user/mocks/Service.go:68.8,69.24 1 0
go-hexagonal/business/user/mocks/Service.go:69.24,71.4 1 0
go-hexagonal/business/user/mocks/Service.go:75.51,77.3 1 0
go-hexagonal/business/user/mocks/Service.go:77.8,79.3 1 0
go-hexagonal/business/user/mocks/Service.go:85.104,89.64 3 0
go-hexagonal/business/user/mocks/Service.go:97.2,98.59 2 0
go-hexagonal/business/user/mocks/Service.go:104.2,104.15 1 0
go-hexagonal/business/user/mocks/Service.go:89.64,91.3 1 0
go-hexagonal/business/user/mocks/Service.go:91.8,92.24 1 0
go-hexagonal/business/user/mocks/Service.go:92.24,94.4 1 0
go-hexagonal/business/user/mocks/Service.go:98.59,100.3 1 0
go-hexagonal/business/user/mocks/Service.go:100.8,102.3 1 0
go-hexagonal/business/user/mocks/Service.go:108.91,112.72 3 0
go-hexagonal/business/user/mocks/Service.go:118.2,118.11 1 0
go-hexagonal/business/user/mocks/Service.go:112.72,114.3 1 0
go-hexagonal/business/user/mocks/Service.go:114.8,116.3 1 0
go-hexagonal/business/user/mocks/Service.go:123.97,127.69 3 0
go-hexagonal/business/user/mocks/Service.go:133.2,133.11 1 0
go-hexagonal/business/user/mocks/Service.go:127.69,129.3 1 0
go-hexagonal/business/user/mocks/Service.go:129.8,131.3 1 0
go-hexagonal/business/pet/service.go:22.48,26.2 1 0
go-hexagonal/business/pet/service.go:29.65,31.2 1 0
go-hexagonal/business/pet/service.go:34.83,37.16 2 0
go-hexagonal/business/pet/service.go:41.2,41.17 1 0
go-hexagonal/business/pet/service.go:37.16,39.3 1 0
go-hexagonal/business/pet/service.go:45.82,47.16 2 0
go-hexagonal/business/pet/service.go:51.2,61.16 3 0
go-hexagonal/business/pet/service.go:65.2,65.12 1 0
go-hexagonal/business/pet/service.go:47.16,49.3 1 0
go-hexagonal/business/pet/service.go:61.16,63.3 1 0
go-hexagonal/business/pet/service.go:69.107,72.16 2 0
go-hexagonal/business/pet/service.go:80.2,82.60 2 0
go-hexagonal/business/pet/service.go:72.16,74.3 1 0
go-hexagonal/business/pet/service.go:74.8,74.23 1 0
go-hexagonal/business/pet/service.go:74.23,76.3 1 0
go-hexagonal/business/pet/service.go:76.8,76.42 1 0
go-hexagonal/business/pet/service.go:76.42,78.3 1 0
go-hexagonal/business/user/user.go:34.28,51.2 1 1
go-hexagonal/business/user/user.go:54.102,67.2 1 1
go-hexagonal/business/category/category.go:19.32,26.2 1 0
go-hexagonal/business/auth/service.go:17.89,27.2 1 0
go-hexagonal/business/auth/service.go:30.51,34.2 1 0
go-hexagonal/business/auth/service.go:37.75,39.16 2 0
go-hexagonal/business/auth/service.go:43.2,52.60 8 0
go-hexagonal/business/auth/service.go:39.16,41.3 1 0
go-hexagonal/business/auth/service.go:55.99,58.17 2 0
go-hexagonal/business/auth/service.go:62.2,66.16 3 0
go-hexagonal/business/auth/service.go:72.2,72.29 1 0
go-hexagonal/business/auth/service.go:58.17,60.3 1 0
go-hexagonal/business/auth/service.go:66.16,68.3 1 0
go-hexagonal/business/cart/service.go:33.48,37.2 1 0
go-hexagonal/business/cart/service.go:39.63,42.16 2 0
go-hexagonal/business/cart/service.go:46.2,46.18 1 0
go-hexagonal/business/cart/service.go:42.16,44.3 1 0
go-hexagonal/business/cart/service.go:49.67,52.16 2 0
go-hexagonal/business/cart/service.go:56.2,58.16 2 0
go-hexagonal/business/cart/service.go:63.2,64.17 2 0
go-hexagonal/business/cart/service.go:78.2,80.16 2 0
go-hexagonal/business/cart/service.go:84.2,84.20 1 0
go-hexagonal/business/cart/service.go:100.2,100.12 1 0
go-hexagonal/business/cart/service.go:52.16,54.3 1 0
go-hexagonal/business/cart/service.go:58.16,60.3 1 0
go-hexagonal/business/cart/service.go:64.17,70.17 4 0
go-hexagonal/business/cart/service.go:70.17,72.4 1 0
go-hexagonal/business/cart/service.go:73.8,75.3 1 0
go-hexagonal/business/cart/service.go:80.16,82.3 1 0
go-hexagonal/business/cart/service.go:84.20,87.17 2 0
go-hexagonal/business/cart/service.go:87.17,89.4 1 0
go-hexagonal/business/cart/service.go:90.8,95.17 3 0
go-hexagonal/business/cart/service.go:95.17,97.4 1 0
go-hexagonal/business/cart/service.go:103.84,106.16 2 0
go-hexagonal/business/cart/service.go:110.2,110.12 1 0
go-hexagonal/business/cart/service.go:106.16,108.3 1 0
go-hexagonal/business/cart/service.go:113.95,116.16 2 0
go-hexagonal/business/cart/service.go:120.2,120.12 1 0
go-hexagonal/business/cart/service.go:116.16,118.3 1 0
go-hexagonal/business/product/product.go:29.31,43.2 1 0
go-hexagonal/business/user/service.go:34.53,38.2 1 1
go-hexagonal/business/user/service.go:40.70,43.16 2 1
go-hexagonal/business/user/service.go:46.2,46.18 1 1
go-hexagonal/business/user/service.go:43.16,45.3 1 1
go-hexagonal/business/user/service.go:52.98,56.16 2 0
go-hexagonal/business/user/service.go:60.2,60.18 1 0
go-hexagonal/business/user/service.go:56.16,58.3 1 0
go-hexagonal/business/user/service.go:64.73,67.16 2 0
go-hexagonal/business/user/service.go:71.2,71.18 1 0
go-hexagonal/business/user/service.go:67.16,69.3 1 0
go-hexagonal/business/user/service.go:75.85,77.16 2 1
go-hexagonal/business/user/service.go:81.2,95.16 3 1
go-hexagonal/business/user/service.go:99.2,99.12 1 1
go-hexagonal/business/user/service.go:77.16,79.3 1 0
go-hexagonal/business/user/service.go:95.16,97.3 1 1
go-hexagonal/business/user/service.go:103.118,107.16 2 1
go-hexagonal/business/user/service.go:115.2,118.16 3 1
go-hexagonal/business/user/service.go:121.2,121.12 1 1
go-hexagonal/business/user/service.go:107.16,109.3 1 1
go-hexagonal/business/user/service.go:109.8,109.24 1 1
go-hexagonal/business/user/service.go:109.24,111.3 1 0
go-hexagonal/business/user/service.go:111.8,111.43 1 1
go-hexagonal/business/user/service.go:111.43,113.3 1 1
go-hexagonal/business/user/service.go:118.16,120.3 1 1
go-hexagonal/util/validator/validator.go:13.41,17.21 3 1
go-hexagonal/util/validator/validator.go:21.2,21.17 1 1
go-hexagonal/util/validator/validator.go:17.21,19.3 1 1
go-hexagonal/business/cart/cart.go:28.69,35.2 1 0
go-hexagonal/business/cart/cart.go:37.95,45.2 1 0
go-hexagonal/business/category/service.go:21.48,25.2 1 0
go-hexagonal/business/category/service.go:27.63,29.2 1 0
go-hexagonal/business/category/service.go:31.81,34.16 2 0
go-hexagonal/business/category/service.go:38.2,38.22 1 0
go-hexagonal/business/category/service.go:34.16,36.3 1 0
go-hexagonal/business/category/service.go:41.97,43.16 2 0
go-hexagonal/business/category/service.go:47.2,53.16 3 0
go-hexagonal/business/category/service.go:57.2,57.12 1 0
go-hexagonal/business/category/service.go:43.16,45.3 1 0
go-hexagonal/business/category/service.go:53.16,55.3 1 0
go-hexagonal/business/category/service.go:60.87,63.16 2 0
go-hexagonal/business/category/service.go:69.2,72.41 3 0
go-hexagonal/business/category/service.go:63.16,65.3 1 0
go-hexagonal/business/category/service.go:65.8,65.28 1 0
go-hexagonal/business/category/service.go:65.28,67.3 1 0
go-hexagonal/business/category/service.go:75.48,78.16 2 0
go-hexagonal/business/category/service.go:82.2,82.12 1 0
go-hexagonal/business/category/service.go:78.16,80.3 1 0
go-hexagonal/business/product/service.go:29.48,33.2 1 0
go-hexagonal/business/product/service.go:35.61,37.2 1 0
go-hexagonal/business/product/service.go:39.112,42.16 2 0
go-hexagonal/business/product/service.go:46.2,46.21 1 0
go-hexagonal/business/product/service.go:42.16,44.3 1 0
go-hexagonal/business/product/service.go:49.94,51.16 2 0
go-hexagonal/business/product/service.go:55.2,66.16 3 0
go-hexagonal/business/product/service.go:70.2,70.12 1 0
go-hexagonal/business/product/service.go:51.16,53.3 1 0
go-hexagonal/business/product/service.go:66.16,68.3 1 0
go-hexagonal/business/product/service.go:73.84,76.16 2 0
go-hexagonal/business/product/service.go:82.2,91.39 7 0
go-hexagonal/business/product/service.go:76.16,78.3 1 0
go-hexagonal/business/product/service.go:78.8,78.27 1 0
go-hexagonal/business/product/service.go:78.27,80.3 1 0
go-hexagonal/business/product/service.go:94.47,97.16 2 0
go-hexagonal/business/product/service.go:101.2,101.12 1 0
go-hexagonal/business/product/service.go:97.16,99.3 1 0
go-hexagonal/business/user/service.go:34.53,38.2 1 0
go-hexagonal/business/user/service.go:40.70,43.16 2 0
go-hexagonal/business/user/service.go:46.2,46.18 1 0
go-hexagonal/business/user/service.go:43.16,45.3 1 0
go-hexagonal/business/user/service.go:52.98,56.16 2 0
go-hexagonal/business/user/service.go:60.2,60.18 1 0
go-hexagonal/business/user/service.go:56.16,58.3 1 0
go-hexagonal/business/user/service.go:64.73,67.16 2 0
go-hexagonal/business/user/service.go:71.2,71.18 1 0
go-hexagonal/business/user/service.go:67.16,69.3 1 0
go-hexagonal/business/user/service.go:75.85,77.16 2 0
go-hexagonal/business/user/service.go:81.2,95.16 3 0
go-hexagonal/business/user/service.go:99.2,99.12 1 0
go-hexagonal/business/user/service.go:77.16,79.3 1 0
go-hexagonal/business/user/service.go:95.16,97.3 1 0
go-hexagonal/business/user/service.go:103.118,107.16 2 0
go-hexagonal/business/user/service.go:115.2,118.16 3 0
go-hexagonal/business/user/service.go:121.2,121.12 1 0
go-hexagonal/business/user/service.go:107.16,109.3 1 0
go-hexagonal/business/user/service.go:109.8,109.24 1 0
go-hexagonal/business/user/service.go:109.24,111.3 1 0
go-hexagonal/business/user/service.go:111.8,111.43 1 0
go-hexagonal/business/user/service.go:111.43,113.3 1 0
go-hexagonal/business/user/service.go:118.16,120.3 1 0
go-hexagonal/business/pet/pet.go:25.27,38.2 1 0
go-hexagonal/business/pet/pet.go:41.89,53.2 1 0
go-hexagonal/business/transaction/service.go:23.48,27.2 1 0
go-hexagonal/business/transaction/service.go:29.88,32.16 2 0
go-hexagonal/business/transaction/service.go:36.2,49.16 3 0
go-hexagonal/business/transaction/service.go:53.2,53.12 1 0
go-hexagonal/business/transaction/service.go:32.16,34.3 1 0
go-hexagonal/business/transaction/service.go:49.16,51.3 1 0
go-hexagonal/business/transaction/service.go:56.95,59.16 2 0
go-hexagonal/business/transaction/service.go:63.2,63.26 1 0
go-hexagonal/business/transaction/service.go:59.16,61.3 1 0
go-hexagonal/business/transaction/service.go:66.82,69.16 2 0
go-hexagonal/business/transaction/service.go:73.2,73.25 1 0
go-hexagonal/business/transaction/service.go:69.16,71.3 1 0
go-hexagonal/business/transaction/service.go:76.77,79.16 2 0
go-hexagonal/business/transaction/service.go:83.2,83.12 1 0
go-hexagonal/business/transaction/service.go:79.16,81.3 1 0
go-hexagonal/business/transaction/service.go:86.62,89.16 2 0
go-hexagonal/business/transaction/service.go:93.2,93.12 1 0
go-hexagonal/business/transaction/service.go:89.16,91.3 1 0
go-hexagonal/business/user/mocks/Repository.go:17.82,21.59 3 0
go-hexagonal/business/user/mocks/Repository.go:29.2,30.53 2 0
go-hexagonal/business/user/mocks/Repository.go:36.2,36.15 1 0
go-hexagonal/business/user/mocks/Repository.go:21.59,23.3 1 0
go-hexagonal/business/user/mocks/Repository.go:23.8,24.24 1 0
go-hexagonal/business/user/mocks/Repository.go:24.24,26.4 1 0
go-hexagonal/business/user/mocks/Repository.go:30.53,32.3 1 0
go-hexagonal/business/user/mocks/Repository.go:32.8,34.3 1 0
go-hexagonal/business/user/mocks/Repository.go:40.64,44.53 3 0
go-hexagonal/business/user/mocks/Repository.go:52.2,53.48 2 0
go-hexagonal/business/user/mocks/Repository.go:59.2,59.15 1 0
go-hexagonal/business/user/mocks/Repository.go:44.53,46.3 1 0
go-hexagonal/business/user/mocks/Repository.go:46.8,47.24 1 0
go-hexagonal/business/user/mocks/Repository.go:47.24,49.4 1 0
go-hexagonal/business/user/mocks/Repository.go:53.48,55.3 1 0
go-hexagonal/business/user/mocks/Repository.go:55.8,57.3 1 0
go-hexagonal/business/user/mocks/Repository.go:62.79,66.56 3 0
go-hexagonal/business/user/mocks/Repository.go:74.2,75.51 2 0
go-hexagonal/business/user/mocks/Repository.go:81.2,81.15 1 0
go-hexagonal/business/user/mocks/Repository.go:66.56,68.3 1 0
go-hexagonal/business/user/mocks/Repository.go:68.8,69.24 1 0
go-hexagonal/business/user/mocks/Repository.go:69.24,71.4 1 0
go-hexagonal/business/user/mocks/Repository.go:75.51,77.3 1 0
go-hexagonal/business/user/mocks/Repository.go:77.8,79.3 1 0
go-hexagonal/business/user/mocks/Repository.go:85.107,89.64 3 0
go-hexagonal/business/user/mocks/Repository.go:97.2,98.59 2 0
go-hexagonal/business/user/mocks/Repository.go:104.2,104.15 1 0
go-hexagonal/business/user/mocks/Repository.go:89.64,91.3 1 0
go-hexagonal/business/user/mocks/Repository.go:91.8,92.24 1 0
go-hexagonal/business/user/mocks/Repository.go:92.24,94.4 1 0
go-hexagonal/business/user/mocks/Repository.go:98.59,100.3 1 0
go-hexagonal/business/user/mocks/Repository.go:100.8,102.3 1 0
go-hexagonal/business/user/mocks/Repository.go:108.55,112.54 3 0
go-hexagonal/business/user/mocks/Repository.go:118.2,118.11 1 0
go-hexagonal/business/user/mocks/Repository.go:112.54,114.3 1 0
go-hexagonal/business/user/mocks/Repository.go:114.8,116.3 1 0
go-hexagonal/business/user/mocks/Repository.go:122.75,126.59 3 0
go-hexagonal/business/user/mocks/Repository.go:132.2,132.11 1 0
go-hexagonal/business/user/mocks/Repository.go:126.59,128.3 1 0
go-hexagonal/business/user/mocks/Repository.go:128.8,130.3 1 0
go-hexagonal/business/transaction/transaction.go:25.178,37.2 1 0
go-hexagonal/business/user/mocks/Service.go:17.79,21.59 3 0
go-hexagonal/business/user/mocks/Service.go:29.2,30.53 2 0
go-hexagonal/business/user/mocks/Service.go:36.2,36.15 1 0
go-hexagonal/business/user/mocks/Service.go:21.59,23.3 1 0
go-hexagonal/business/user/mocks/Service.go:23.8,24.24 1 0
go-hexagonal/business/user/mocks/Service.go:24.24,26.4 1 0
go-hexagonal/business/user/mocks/Service.go:30.53,32.3 1 0
go-hexagonal/business/user/mocks/Service.go:32.8,34.3 1 0
go-hexagonal/business/user/mocks/Service.go:40.61,44.53 3 0
go-hexagonal/business/user/mocks/Service.go:52.2,53.48 2 0
go-hexagonal/business/user/mocks/Service.go:59.2,59.15 1 0
go-hexagonal/business/user/mocks/Service.go:44.53,46.3 1 0
go-hexagonal/business/user/mocks/Service.go:46.8,47.24 1 0
go-hexagonal/business/user/mocks/Service.go:47.24,49.4 1 0
go-hexagonal/business/user/mocks/Service.go:53.48,55.3 1 0
go-hexagonal/business/user/mocks/Service.go:55.8,57.3 1 0
go-hexagonal/business/user/mocks/Service.go:62.76,66.56 3 0
go-hexagonal/business/user/mocks/Service.go:74.2,75.51 2 0
go-hexagonal/business/user/mocks/Service.go:81.2,81.15 1 0
go-hexagonal/business/user/mocks/Service.go:66.56,68.3 1 0
go-hexagonal/business/user/mocks/Service.go:68.8,69.24 1 0
go-hexagonal/business/user/mocks/Service.go:69.24,71.4 1 0
go-hexagonal/business/user/mocks/Service.go:75.51,77.3 1 0
go-hexagonal/business/user/mocks/Service.go:77.8,79.3 1 0
go-hexagonal/business/user/mocks/Service.go:85.104,89.64 3 0
go-hexagonal/business/user/mocks/Service.go:97.2,98.59 2 0
go-hexagonal/business/user/mocks/Service.go:104.2,104.15 1 0
go-hexagonal/business/user/mocks/Service.go:89.64,91.3 1 0
go-hexagonal/business/user/mocks/Service.go:91.8,92.24 1 0
go-hexagonal/business/user/mocks/Service.go:92.24,94.4 1 0
go-hexagonal/business/user/mocks/Service.go:98.59,100.3 1 0
go-hexagonal/business/user/mocks/Service.go:100.8,102.3 1 0
go-hexagonal/business/user/mocks/Service.go:108.91,112.72 3 0
go-hexagonal/business/user/mocks/Service.go:118.2,118.11 1 0
go-hexagonal/business/user/mocks/Service.go:112.72,114.3 1 0
go-hexagonal/business/user/mocks/Service.go:114.8,116.3 1 0
go-hexagonal/business/user/mocks/Service.go:123.97,127.69 3 0
go-hexagonal/business/user/mocks/Service.go:133.2,133.11 1 0
go-hexagonal/business/user/mocks/Service.go:127.69,129.3 1 0
go-hexagonal/business/user/mocks/Service.go:129.8,131.3 1 0
go-hexagonal/business/auth/service.go:17.89,27.2 1 0
go-hexagonal/business/auth/service.go:30.51,34.2 1 0
go-hexagonal/business/auth/service.go:37.75,39.16 2 0
go-hexagonal/business/auth/service.go:43.2,52.60 8 0
go-hexagonal/business/auth/service.go:39.16,41.3 1 0
go-hexagonal/business/auth/service.go:55.99,58.17 2 0
go-hexagonal/business/auth/service.go:62.2,66.16 3 0
go-hexagonal/business/auth/service.go:72.2,72.29 1 0
go-hexagonal/business/auth/service.go:58.17,60.3 1 0
go-hexagonal/business/auth/service.go:66.16,68.3 1 0
go-hexagonal/business/cart/cart.go:28.69,35.2 1 0
go-hexagonal/business/cart/cart.go:37.95,45.2 1 0
go-hexagonal/business/category/category.go:19.32,26.2 1 0
go-hexagonal/business/category/service.go:21.48,25.2 1 0
go-hexagonal/business/category/service.go:27.63,29.2 1 0
go-hexagonal/business/category/service.go:31.81,34.16 2 0
go-hexagonal/business/category/service.go:38.2,38.22 1 0
go-hexagonal/business/category/service.go:34.16,36.3 1 0
go-hexagonal/business/category/service.go:41.97,43.16 2 0
go-hexagonal/business/category/service.go:47.2,53.16 3 0
go-hexagonal/business/category/service.go:57.2,57.12 1 0
go-hexagonal/business/category/service.go:43.16,45.3 1 0
go-hexagonal/business/category/service.go:53.16,55.3 1 0
go-hexagonal/business/category/service.go:60.87,63.16 2 0
go-hexagonal/business/category/service.go:69.2,72.41 3 0
go-hexagonal/business/category/service.go:63.16,65.3 1 0
go-hexagonal/business/category/service.go:65.8,65.28 1 0
go-hexagonal/business/category/service.go:65.28,67.3 1 0
go-hexagonal/business/category/service.go:75.48,78.16 2 0
go-hexagonal/business/category/service.go:82.2,82.12 1 0
go-hexagonal/business/category/service.go:78.16,80.3 1 0
go-hexagonal/business/product/product.go:29.31,43.2 1 0
go-hexagonal/util/validator/validator.go:13.41,17.21 3 0
go-hexagonal/util/validator/validator.go:21.2,21.17 1 0
go-hexagonal/util/validator/validator.go:17.21,19.3 1 0
go-hexagonal/business/user/user.go:34.28,51.2 1 0
go-hexagonal/business/user/user.go:54.102,67.2 1 0
go-hexagonal/business/cart/service.go:33.48,37.2 1 0
go-hexagonal/business/cart/service.go:39.63,42.16 2 0
go-hexagonal/business/cart/service.go:46.2,46.18 1 0
go-hexagonal/business/cart/service.go:42.16,44.3 1 0
go-hexagonal/business/cart/service.go:49.67,52.16 2 0
go-hexagonal/business/cart/service.go:56.2,58.16 2 0
go-hexagonal/business/cart/service.go:63.2,64.17 2 0
go-hexagonal/business/cart/service.go:78.2,80.16 2 0
go-hexagonal/business/cart/service.go:84.2,84.20 1 0
go-hexagonal/business/cart/service.go:100.2,100.12 1 0
go-hexagonal/business/cart/service.go:52.16,54.3 1 0
go-hexagonal/business/cart/service.go:58.16,60.3 1 0
go-hexagonal/business/cart/service.go:64.17,70.17 4 0
go-hexagonal/business/cart/service.go:70.17,72.4 1 0
go-hexagonal/business/cart/service.go:73.8,75.3 1 0
go-hexagonal/business/cart/service.go:80.16,82.3 1 0
go-hexagonal/business/cart/service.go:84.20,87.17 2 0
go-hexagonal/business/cart/service.go:87.17,89.4 1 0
go-hexagonal/business/cart/service.go:90.8,95.17 3 0
go-hexagonal/business/cart/service.go:95.17,97.4 1 0
go-hexagonal/business/cart/service.go:103.84,106.16 2 0
go-hexagonal/business/cart/service.go:110.2,110.12 1 0
go-hexagonal/business/cart/service.go:106.16,108.3 1 0
go-hexagonal/business/cart/service.go:113.95,116.16 2 0
go-hexagonal/business/cart/service.go:120.2,120.12 1 0
go-hexagonal/business/cart/service.go:116.16,118.3 1 0
go-hexagonal/business/pet/service.go:22.48,26.2 1 0
go-hexagonal/business/pet/service.go:29.65,31.2 1 0
go-hexagonal/business/pet/service.go:34.83,37.16 2 0
go-hexagonal/business/pet/service.go:41.2,41.17 1 0
go-hexagonal/business/pet/service.go:37.16,39.3 1 0
go-hexagonal/business/pet/service.go:45.82,47.16 2 0
go-hexagonal/business/pet/service.go:51.2,61.16 3 0
go-hexagonal/business/pet/service.go:65.2,65.12 1 0
go-hexagonal/business/pet/service.go:47.16,49.3 1 0
go-hexagonal/business/pet/service.go:61.16,63.3 1 0
go-hexagonal/business/pet/service.go:69.107,72.16 2 0
go-hexagonal/business/pet/service.go:80.2,82.60 2 0
go-hexagonal/business/pet/service.go:72.16,74.3 1 0
go-hexagonal/business/pet/service.go:74.8,74.23 1 0
go-hexagonal/business/pet/service.go:74.23,76.3 1 0
go-hexagonal/business/pet/service.go:76.8,76.42 1 0
go-hexagonal/business/pet/service.go:76.42,78.3 1 0
go-hexagonal/business/product/service.go:29.48,33.2 1 0
go-hexagonal/business/product/service.go:35.61,37.2 1 0
go-hexagonal/business/product/service.go:39.112,42.16 2 0
go-hexagonal/business/product/service.go:46.2,46.21 1 0
go-hexagonal/business/product/service.go:42.16,44.3 1 0
go-hexagonal/business/product/service.go:49.94,51.16 2 0
go-hexagonal/business/product/service.go:55.2,66.16 3 0
go-hexagonal/business/product/service.go:70.2,70.12 1 0
go-hexagonal/business/product/service.go:51.16,53.3 1 0
go-hexagonal/business/product/service.go:66.16,68.3 1 0
go-hexagonal/business/product/service.go:73.84,76.16 2 0
go-hexagonal/business/product/service.go:82.2,91.39 7 0
go-hexagonal/business/product/service.go:76.16,78.3 1 0
go-hexagonal/business/product/service.go:78.8,78.27 1 0
go-hexagonal/business/product/service.go:78.27,80.3 1 0
go-hexagonal/business/product/service.go:94.47,97.16 2 0
go-hexagonal/business/product/service.go:101.2,101.12 1 0
go-hexagonal/business/product/service.go:97.16,99.3 1 0
