mode: set
go-hexagonal/business/category/service.go:21.48,25.2 1 1
go-hexagonal/business/category/service.go:27.63,30.16 2 1
go-hexagonal/business/category/service.go:34.2,34.22 1 1
go-hexagonal/business/category/service.go:30.16,32.3 1 1
go-hexagonal/business/category/service.go:37.81,40.16 2 1
go-hexagonal/business/category/service.go:44.2,44.22 1 1
go-hexagonal/business/category/service.go:40.16,42.3 1 0
go-hexagonal/business/category/service.go:47.97,49.16 2 1
go-hexagonal/business/category/service.go:53.2,59.16 3 1
go-hexagonal/business/category/service.go:63.2,63.12 1 1
go-hexagonal/business/category/service.go:49.16,51.3 1 1
go-hexagonal/business/category/service.go:59.16,61.3 1 1
go-hexagonal/business/category/service.go:66.87,69.16 2 1
go-hexagonal/business/category/service.go:75.2,78.41 3 1
go-hexagonal/business/category/service.go:69.16,71.3 1 1
go-hexagonal/business/category/service.go:71.8,71.28 1 1
go-hexagonal/business/category/service.go:71.28,73.3 1 0
go-hexagonal/business/category/service.go:81.48,84.16 2 1
go-hexagonal/business/category/service.go:88.2,88.12 1 1
go-hexagonal/business/category/service.go:84.16,86.3 1 1
go-hexagonal/business/cart/cart.go:36.69,43.2 1 0
go-hexagonal/business/cart/cart.go:45.95,53.2 1 0
go-hexagonal/business/product/product.go:29.31,43.2 1 0
go-hexagonal/business/transaction/service.go:32.48,36.2 1 0
go-hexagonal/business/transaction/service.go:38.98,41.16 2 0
go-hexagonal/business/transaction/service.go:45.2,58.16 3 0
go-hexagonal/business/transaction/service.go:62.2,63.55 2 0
go-hexagonal/business/transaction/service.go:101.2,101.25 1 0
go-hexagonal/business/transaction/service.go:41.16,43.3 1 0
go-hexagonal/business/transaction/service.go:58.16,60.3 1 0
go-hexagonal/business/transaction/service.go:63.55,66.17 2 0
go-hexagonal/business/transaction/service.go:70.3,85.17 4 0
go-hexagonal/business/transaction/service.go:89.3,92.17 3 0
go-hexagonal/business/transaction/service.go:96.3,98.46 2 0
go-hexagonal/business/transaction/service.go:66.17,68.4 1 0
go-hexagonal/business/transaction/service.go:85.17,87.4 1 0
go-hexagonal/business/transaction/service.go:92.17,94.4 1 0
go-hexagonal/business/transaction/service.go:104.95,107.16 2 0
go-hexagonal/business/transaction/service.go:111.2,111.26 1 0
go-hexagonal/business/transaction/service.go:107.16,109.3 1 0
go-hexagonal/business/transaction/service.go:114.82,117.16 2 0
go-hexagonal/business/transaction/service.go:121.2,121.25 1 0
go-hexagonal/business/transaction/service.go:117.16,119.3 1 0
go-hexagonal/business/transaction/service.go:124.77,127.16 2 0
go-hexagonal/business/transaction/service.go:131.2,131.12 1 0
go-hexagonal/business/transaction/service.go:127.16,129.3 1 0
go-hexagonal/business/transaction/service.go:134.62,137.16 2 0
go-hexagonal/business/transaction/service.go:141.2,141.12 1 0
go-hexagonal/business/transaction/service.go:137.16,139.3 1 0
go-hexagonal/business/user/mocks/Service.go:17.79,21.59 3 0
go-hexagonal/business/user/mocks/Service.go:29.2,30.53 2 0
go-hexagonal/business/user/mocks/Service.go:36.2,36.15 1 0
go-hexagonal/business/user/mocks/Service.go:21.59,23.3 1 0
go-hexagonal/business/user/mocks/Service.go:23.8,24.24 1 0
go-hexagonal/business/user/mocks/Service.go:24.24,26.4 1 0
go-hexagonal/business/user/mocks/Service.go:30.53,32.3 1 0
go-hexagonal/business/user/mocks/Service.go:32.8,34.3 1 0
go-hexagonal/business/user/mocks/Service.go:40.61,44.53 3 0
go-hexagonal/business/user/mocks/Service.go:52.2,53.48 2 0
go-hexagonal/business/user/mocks/Service.go:59.2,59.15 1 0
go-hexagonal/business/user/mocks/Service.go:44.53,46.3 1 0
go-hexagonal/business/user/mocks/Service.go:46.8,47.24 1 0
go-hexagonal/business/user/mocks/Service.go:47.24,49.4 1 0
go-hexagonal/business/user/mocks/Service.go:53.48,55.3 1 0
go-hexagonal/business/user/mocks/Service.go:55.8,57.3 1 0
go-hexagonal/business/user/mocks/Service.go:62.76,66.56 3 0
go-hexagonal/business/user/mocks/Service.go:74.2,75.51 2 0
go-hexagonal/business/user/mocks/Service.go:81.2,81.15 1 0
go-hexagonal/business/user/mocks/Service.go:66.56,68.3 1 0
go-hexagonal/business/user/mocks/Service.go:68.8,69.24 1 0
go-hexagonal/business/user/mocks/Service.go:69.24,71.4 1 0
go-hexagonal/business/user/mocks/Service.go:75.51,77.3 1 0
go-hexagonal/business/user/mocks/Service.go:77.8,79.3 1 0
go-hexagonal/business/user/mocks/Service.go:85.104,89.64 3 0
go-hexagonal/business/user/mocks/Service.go:97.2,98.59 2 0
go-hexagonal/business/user/mocks/Service.go:104.2,104.15 1 0
go-hexagonal/business/user/mocks/Service.go:89.64,91.3 1 0
go-hexagonal/business/user/mocks/Service.go:91.8,92.24 1 0
go-hexagonal/business/user/mocks/Service.go:92.24,94.4 1 0
go-hexagonal/business/user/mocks/Service.go:98.59,100.3 1 0
go-hexagonal/business/user/mocks/Service.go:100.8,102.3 1 0
go-hexagonal/business/user/mocks/Service.go:108.91,112.72 3 0
go-hexagonal/business/user/mocks/Service.go:118.2,118.11 1 0
go-hexagonal/business/user/mocks/Service.go:112.72,114.3 1 0
go-hexagonal/business/user/mocks/Service.go:114.8,116.3 1 0
go-hexagonal/business/user/mocks/Service.go:123.97,127.69 3 0
go-hexagonal/business/user/mocks/Service.go:133.2,133.11 1 0
go-hexagonal/business/user/mocks/Service.go:127.69,129.3 1 0
go-hexagonal/business/user/mocks/Service.go:129.8,131.3 1 0
go-hexagonal/util/validator/validator.go:13.41,17.21 3 1
go-hexagonal/util/validator/validator.go:21.2,21.17 1 1
go-hexagonal/util/validator/validator.go:17.21,19.3 1 1
go-hexagonal/business/user/service.go:34.53,38.2 1 0
go-hexagonal/business/user/service.go:40.70,43.16 2 0
go-hexagonal/business/user/service.go:46.2,46.18 1 0
go-hexagonal/business/user/service.go:43.16,45.3 1 0
go-hexagonal/business/user/service.go:52.98,56.16 2 0
go-hexagonal/business/user/service.go:60.2,60.18 1 0
go-hexagonal/business/user/service.go:56.16,58.3 1 0
go-hexagonal/business/user/service.go:64.73,67.16 2 0
go-hexagonal/business/user/service.go:71.2,71.18 1 0
go-hexagonal/business/user/service.go:67.16,69.3 1 0
go-hexagonal/business/user/service.go:75.85,77.16 2 0
go-hexagonal/business/user/service.go:81.2,95.16 3 0
go-hexagonal/business/user/service.go:99.2,99.12 1 0
go-hexagonal/business/user/service.go:77.16,79.3 1 0
go-hexagonal/business/user/service.go:95.16,97.3 1 0
go-hexagonal/business/user/service.go:103.118,107.16 2 0
go-hexagonal/business/user/service.go:115.2,118.16 3 0
go-hexagonal/business/user/service.go:121.2,121.12 1 0
go-hexagonal/business/user/service.go:107.16,109.3 1 0
go-hexagonal/business/user/service.go:109.8,109.24 1 0
go-hexagonal/business/user/service.go:109.24,111.3 1 0
go-hexagonal/business/user/service.go:111.8,111.43 1 0
go-hexagonal/business/user/service.go:111.43,113.3 1 0
go-hexagonal/business/user/service.go:118.16,120.3 1 0
go-hexagonal/business/user/user.go:34.28,51.2 1 0
go-hexagonal/business/user/user.go:54.102,67.2 1 0
go-hexagonal/business/product/service.go:29.48,33.2 1 0
go-hexagonal/business/product/service.go:35.61,39.16 2 0
go-hexagonal/business/product/service.go:43.2,43.21 1 0
go-hexagonal/business/product/service.go:39.16,41.3 1 0
go-hexagonal/business/product/service.go:46.112,49.16 2 0
go-hexagonal/business/product/service.go:53.2,53.21 1 0
go-hexagonal/business/product/service.go:49.16,51.3 1 0
go-hexagonal/business/product/service.go:56.94,58.16 2 0
go-hexagonal/business/product/service.go:62.2,73.16 3 0
go-hexagonal/business/product/service.go:77.2,77.12 1 0
go-hexagonal/business/product/service.go:58.16,60.3 1 0
go-hexagonal/business/product/service.go:73.16,75.3 1 0
go-hexagonal/business/product/service.go:80.84,83.16 2 0
go-hexagonal/business/product/service.go:89.2,98.39 7 0
go-hexagonal/business/product/service.go:83.16,85.3 1 0
go-hexagonal/business/product/service.go:85.8,85.27 1 0
go-hexagonal/business/product/service.go:85.27,87.3 1 0
go-hexagonal/business/product/service.go:101.47,104.16 2 0
go-hexagonal/business/product/service.go:108.2,108.12 1 0
go-hexagonal/business/product/service.go:104.16,106.3 1 0
go-hexagonal/business/transaction/transaction.go:42.178,54.2 1 0
go-hexagonal/business/user/mocks/Repository.go:17.82,21.60 3 0
go-hexagonal/business/user/mocks/Repository.go:29.2,30.53 2 0
go-hexagonal/business/user/mocks/Repository.go:36.2,36.16 1 0
go-hexagonal/business/user/mocks/Repository.go:21.60,23.3 1 0
go-hexagonal/business/user/mocks/Repository.go:23.8,24.24 1 0
go-hexagonal/business/user/mocks/Repository.go:24.24,26.4 1 0
go-hexagonal/business/user/mocks/Repository.go:30.53,32.3 1 0
go-hexagonal/business/user/mocks/Repository.go:32.8,34.3 1 0
go-hexagonal/business/user/mocks/Repository.go:40.64,44.53 3 0
go-hexagonal/business/user/mocks/Repository.go:52.2,53.48 2 0
go-hexagonal/business/user/mocks/Repository.go:59.2,59.15 1 0
go-hexagonal/business/user/mocks/Repository.go:44.53,46.3 1 0
go-hexagonal/business/user/mocks/Repository.go:46.8,47.24 1 0
go-hexagonal/business/user/mocks/Repository.go:47.24,49.4 1 0
go-hexagonal/business/user/mocks/Repository.go:53.48,55.3 1 0
go-hexagonal/business/user/mocks/Repository.go:55.8,57.3 1 0
go-hexagonal/business/user/mocks/Repository.go:62.79,66.56 3 0
go-hexagonal/business/user/mocks/Repository.go:74.2,75.51 2 0
go-hexagonal/business/user/mocks/Repository.go:81.2,81.15 1 0
go-hexagonal/business/user/mocks/Repository.go:66.56,68.3 1 0
go-hexagonal/business/user/mocks/Repository.go:68.8,69.24 1 0
go-hexagonal/business/user/mocks/Repository.go:69.24,71.4 1 0
go-hexagonal/business/user/mocks/Repository.go:75.51,77.3 1 0
go-hexagonal/business/user/mocks/Repository.go:77.8,79.3 1 0
go-hexagonal/business/user/mocks/Repository.go:85.107,89.64 3 0
go-hexagonal/business/user/mocks/Repository.go:97.2,98.59 2 0
go-hexagonal/business/user/mocks/Repository.go:104.2,104.15 1 0
go-hexagonal/business/user/mocks/Repository.go:89.64,91.3 1 0
go-hexagonal/business/user/mocks/Repository.go:91.8,92.24 1 0
go-hexagonal/business/user/mocks/Repository.go:92.24,94.4 1 0
go-hexagonal/business/user/mocks/Repository.go:98.59,100.3 1 0
go-hexagonal/business/user/mocks/Repository.go:100.8,102.3 1 0
go-hexagonal/business/user/mocks/Repository.go:108.55,112.54 3 0
go-hexagonal/business/user/mocks/Repository.go:118.2,118.11 1 0
go-hexagonal/business/user/mocks/Repository.go:112.54,114.3 1 0
go-hexagonal/business/user/mocks/Repository.go:114.8,116.3 1 0
go-hexagonal/business/user/mocks/Repository.go:122.75,126.59 3 0
go-hexagonal/business/user/mocks/Repository.go:132.2,132.11 1 0
go-hexagonal/business/user/mocks/Repository.go:126.59,128.3 1 0
go-hexagonal/business/user/mocks/Repository.go:128.8,130.3 1 0
go-hexagonal/business/category/category.go:19.32,26.2 1 1
go-hexagonal/business/cart/service.go:33.48,37.2 1 0
go-hexagonal/business/cart/service.go:39.63,42.16 2 0
go-hexagonal/business/cart/service.go:46.2,46.18 1 0
go-hexagonal/business/cart/service.go:42.16,44.3 1 0
go-hexagonal/business/cart/service.go:49.67,52.16 2 0
go-hexagonal/business/cart/service.go:56.2,58.16 2 0
go-hexagonal/business/cart/service.go:63.2,64.17 2 0
go-hexagonal/business/cart/service.go:78.2,80.16 2 0
go-hexagonal/business/cart/service.go:84.2,84.20 1 0
go-hexagonal/business/cart/service.go:100.2,100.12 1 0
go-hexagonal/business/cart/service.go:52.16,54.3 1 0
go-hexagonal/business/cart/service.go:58.16,60.3 1 0
go-hexagonal/business/cart/service.go:64.17,70.17 4 0
go-hexagonal/business/cart/service.go:70.17,72.4 1 0
go-hexagonal/business/cart/service.go:73.8,75.3 1 0
go-hexagonal/business/cart/service.go:80.16,82.3 1 0
go-hexagonal/business/cart/service.go:84.20,87.17 2 0
go-hexagonal/business/cart/service.go:87.17,89.4 1 0
go-hexagonal/business/cart/service.go:90.8,95.17 3 0
go-hexagonal/business/cart/service.go:95.17,97.4 1 0
go-hexagonal/business/cart/service.go:103.84,106.16 2 0
go-hexagonal/business/cart/service.go:110.2,110.12 1 0
go-hexagonal/business/cart/service.go:106.16,108.3 1 0
go-hexagonal/business/cart/service.go:113.95,116.16 2 0
go-hexagonal/business/cart/service.go:120.2,120.12 1 0
go-hexagonal/business/cart/service.go:116.16,118.3 1 0
go-hexagonal/business/category/mocks/Repository.go:14.76,18.61 3 1
go-hexagonal/business/category/mocks/Repository.go:26.2,27.48 2 1
go-hexagonal/business/category/mocks/Repository.go:33.2,33.15 1 1
go-hexagonal/business/category/mocks/Repository.go:18.61,20.3 1 0
go-hexagonal/business/category/mocks/Repository.go:20.8,21.24 1 1
go-hexagonal/business/category/mocks/Repository.go:21.24,23.4 1 1
go-hexagonal/business/category/mocks/Repository.go:27.48,29.3 1 0
go-hexagonal/business/category/mocks/Repository.go:29.8,31.3 1 1
go-hexagonal/business/category/mocks/Repository.go:36.90,40.68 3 1
go-hexagonal/business/category/mocks/Repository.go:48.2,49.53 2 1
go-hexagonal/business/category/mocks/Repository.go:55.2,55.16 1 1
go-hexagonal/business/category/mocks/Repository.go:40.68,42.3 1 0
go-hexagonal/business/category/mocks/Repository.go:42.8,43.24 1 1
go-hexagonal/business/category/mocks/Repository.go:43.24,45.4 1 1
go-hexagonal/business/category/mocks/Repository.go:49.53,51.3 1 0
go-hexagonal/business/category/mocks/Repository.go:51.8,53.3 1 1
go-hexagonal/business/category/mocks/Repository.go:58.67,62.62 3 1
go-hexagonal/business/category/mocks/Repository.go:68.2,68.11 1 1
go-hexagonal/business/category/mocks/Repository.go:62.62,64.3 1 0
go-hexagonal/business/category/mocks/Repository.go:64.8,66.3 1 1
go-hexagonal/business/category/mocks/Repository.go:71.67,75.62 3 1
go-hexagonal/business/category/mocks/Repository.go:81.2,81.11 1 1
go-hexagonal/business/category/mocks/Repository.go:75.62,77.3 1 0
go-hexagonal/business/category/mocks/Repository.go:77.8,79.3 1 1
go-hexagonal/business/category/mocks/Repository.go:84.60,88.59 3 1
go-hexagonal/business/category/mocks/Repository.go:94.2,94.11 1 1
go-hexagonal/business/category/mocks/Repository.go:88.59,90.3 1 0
go-hexagonal/business/category/mocks/Repository.go:90.8,92.3 1 1
go-hexagonal/business/product/mocks/Repository.go:14.73,18.59 3 0
go-hexagonal/business/product/mocks/Repository.go:26.2,27.48 2 0
go-hexagonal/business/product/mocks/Repository.go:33.2,33.15 1 0
go-hexagonal/business/product/mocks/Repository.go:18.59,20.3 1 0
go-hexagonal/business/product/mocks/Repository.go:20.8,21.24 1 0
go-hexagonal/business/product/mocks/Repository.go:21.24,23.4 1 0
go-hexagonal/business/product/mocks/Repository.go:27.48,29.3 1 0
go-hexagonal/business/product/mocks/Repository.go:29.8,31.3 1 0
go-hexagonal/business/product/mocks/Repository.go:36.120,40.82 3 0
go-hexagonal/business/product/mocks/Repository.go:48.2,49.69 2 0
go-hexagonal/business/product/mocks/Repository.go:55.2,55.16 1 0
go-hexagonal/business/product/mocks/Repository.go:40.82,42.3 1 0
go-hexagonal/business/product/mocks/Repository.go:42.8,43.24 1 0
go-hexagonal/business/product/mocks/Repository.go:43.24,45.4 1 0
go-hexagonal/business/product/mocks/Repository.go:49.69,51.3 1 0
go-hexagonal/business/product/mocks/Repository.go:51.8,53.3 1 0
go-hexagonal/business/product/mocks/Repository.go:58.64,62.60 3 0
go-hexagonal/business/product/mocks/Repository.go:68.2,68.11 1 0
go-hexagonal/business/product/mocks/Repository.go:62.60,64.3 1 0
go-hexagonal/business/product/mocks/Repository.go:64.8,66.3 1 0
go-hexagonal/business/product/mocks/Repository.go:71.64,75.60 3 0
go-hexagonal/business/product/mocks/Repository.go:81.2,81.11 1 0
go-hexagonal/business/product/mocks/Repository.go:75.60,77.3 1 0
go-hexagonal/business/product/mocks/Repository.go:77.8,79.3 1 0
go-hexagonal/business/product/mocks/Repository.go:84.58,88.58 3 0
go-hexagonal/business/product/mocks/Repository.go:94.2,94.11 1 0
go-hexagonal/business/product/mocks/Repository.go:88.58,90.3 1 0
go-hexagonal/business/product/mocks/Repository.go:90.8,92.3 1 0
go-hexagonal/business/product/mocks/Service.go:13.70,17.59 3 0
go-hexagonal/business/product/mocks/Service.go:25.2,26.48 2 0
go-hexagonal/business/product/mocks/Service.go:32.2,32.15 1 0
go-hexagonal/business/product/mocks/Service.go:17.59,19.3 1 0
go-hexagonal/business/product/mocks/Service.go:19.8,20.24 1 0
go-hexagonal/business/product/mocks/Service.go:20.24,22.4 1 0
go-hexagonal/business/product/mocks/Service.go:26.48,28.3 1 0
go-hexagonal/business/product/mocks/Service.go:28.8,30.3 1 0
go-hexagonal/business/auth/service.go:20.89,30.2 1 0
go-hexagonal/business/auth/service.go:33.51,37.2 1 0
go-hexagonal/business/auth/service.go:39.41,49.16 3 0
go-hexagonal/business/auth/service.go:54.2,60.16 4 0
go-hexagonal/business/auth/service.go:65.2,76.16 3 0
go-hexagonal/business/auth/service.go:81.2,95.16 3 0
go-hexagonal/business/auth/service.go:100.2,100.42 1 0
go-hexagonal/business/auth/service.go:49.16,51.13 2 0
go-hexagonal/business/auth/service.go:60.16,62.13 2 0
go-hexagonal/business/auth/service.go:76.16,78.13 2 0
go-hexagonal/business/auth/service.go:95.16,97.13 2 0
go-hexagonal/business/auth/service.go:105.75,107.16 2 0
go-hexagonal/business/auth/service.go:111.2,120.60 8 0
go-hexagonal/business/auth/service.go:107.16,109.3 1 0
go-hexagonal/business/auth/service.go:123.99,126.17 2 0
go-hexagonal/business/auth/service.go:130.2,132.16 2 0
go-hexagonal/business/auth/service.go:136.2,139.16 3 0
go-hexagonal/business/auth/service.go:146.2,146.16 1 0
go-hexagonal/business/auth/service.go:126.17,128.3 1 0
go-hexagonal/business/auth/service.go:132.16,134.3 1 0
go-hexagonal/business/auth/service.go:139.16,141.3 1 0
go-hexagonal/business/category/category.go:19.32,26.2 1 0
go-hexagonal/business/category/mocks/Repository.go:14.76,18.61 3 0
go-hexagonal/business/category/mocks/Repository.go:26.2,27.48 2 0
go-hexagonal/business/category/mocks/Repository.go:33.2,33.15 1 0
go-hexagonal/business/category/mocks/Repository.go:18.61,20.3 1 0
go-hexagonal/business/category/mocks/Repository.go:20.8,21.24 1 0
go-hexagonal/business/category/mocks/Repository.go:21.24,23.4 1 0
go-hexagonal/business/category/mocks/Repository.go:27.48,29.3 1 0
go-hexagonal/business/category/mocks/Repository.go:29.8,31.3 1 0
go-hexagonal/business/category/mocks/Repository.go:36.90,40.68 3 0
go-hexagonal/business/category/mocks/Repository.go:48.2,49.53 2 0
go-hexagonal/business/category/mocks/Repository.go:55.2,55.16 1 0
go-hexagonal/business/category/mocks/Repository.go:40.68,42.3 1 0
go-hexagonal/business/category/mocks/Repository.go:42.8,43.24 1 0
go-hexagonal/business/category/mocks/Repository.go:43.24,45.4 1 0
go-hexagonal/business/category/mocks/Repository.go:49.53,51.3 1 0
go-hexagonal/business/category/mocks/Repository.go:51.8,53.3 1 0
go-hexagonal/business/category/mocks/Repository.go:58.67,62.62 3 0
go-hexagonal/business/category/mocks/Repository.go:68.2,68.11 1 0
go-hexagonal/business/category/mocks/Repository.go:62.62,64.3 1 0
go-hexagonal/business/category/mocks/Repository.go:64.8,66.3 1 0
go-hexagonal/business/category/mocks/Repository.go:71.67,75.62 3 0
go-hexagonal/business/category/mocks/Repository.go:81.2,81.11 1 0
go-hexagonal/business/category/mocks/Repository.go:75.62,77.3 1 0
go-hexagonal/business/category/mocks/Repository.go:77.8,79.3 1 0
go-hexagonal/business/category/mocks/Repository.go:84.60,88.59 3 0
go-hexagonal/business/category/mocks/Repository.go:94.2,94.11 1 0
go-hexagonal/business/category/mocks/Repository.go:88.59,90.3 1 0
go-hexagonal/business/category/mocks/Repository.go:90.8,92.3 1 0
go-hexagonal/business/product/mocks/Service.go:13.70,17.59 3 0
go-hexagonal/business/product/mocks/Service.go:25.2,26.48 2 0
go-hexagonal/business/product/mocks/Service.go:32.2,32.15 1 0
go-hexagonal/business/product/mocks/Service.go:17.59,19.3 1 0
go-hexagonal/business/product/mocks/Service.go:19.8,20.24 1 0
go-hexagonal/business/product/mocks/Service.go:20.24,22.4 1 0
go-hexagonal/business/product/mocks/Service.go:26.48,28.3 1 0
go-hexagonal/business/product/mocks/Service.go:28.8,30.3 1 0
go-hexagonal/util/validator/validator.go:13.41,17.21 3 1
go-hexagonal/util/validator/validator.go:21.2,21.17 1 1
go-hexagonal/util/validator/validator.go:17.21,19.3 1 1
go-hexagonal/business/user/user.go:34.28,51.2 1 0
go-hexagonal/business/user/user.go:54.102,67.2 1 0
go-hexagonal/business/auth/service.go:20.89,30.2 1 0
go-hexagonal/business/auth/service.go:33.51,37.2 1 0
go-hexagonal/business/auth/service.go:39.41,49.16 3 0
go-hexagonal/business/auth/service.go:54.2,60.16 4 0
go-hexagonal/business/auth/service.go:65.2,76.16 3 0
go-hexagonal/business/auth/service.go:81.2,95.16 3 0
go-hexagonal/business/auth/service.go:100.2,100.42 1 0
go-hexagonal/business/auth/service.go:49.16,51.13 2 0
go-hexagonal/business/auth/service.go:60.16,62.13 2 0
go-hexagonal/business/auth/service.go:76.16,78.13 2 0
go-hexagonal/business/auth/service.go:95.16,97.13 2 0
go-hexagonal/business/auth/service.go:105.75,107.16 2 0
go-hexagonal/business/auth/service.go:111.2,120.60 8 0
go-hexagonal/business/auth/service.go:107.16,109.3 1 0
go-hexagonal/business/auth/service.go:123.99,126.17 2 0
go-hexagonal/business/auth/service.go:130.2,132.16 2 0
go-hexagonal/business/auth/service.go:136.2,139.16 3 0
go-hexagonal/business/auth/service.go:146.2,146.16 1 0
go-hexagonal/business/auth/service.go:126.17,128.3 1 0
go-hexagonal/business/auth/service.go:132.16,134.3 1 0
go-hexagonal/business/auth/service.go:139.16,141.3 1 0
go-hexagonal/business/cart/service.go:33.48,37.2 1 0
go-hexagonal/business/cart/service.go:39.63,42.16 2 0
go-hexagonal/business/cart/service.go:46.2,46.18 1 0
go-hexagonal/business/cart/service.go:42.16,44.3 1 0
go-hexagonal/business/cart/service.go:49.67,52.16 2 0
go-hexagonal/business/cart/service.go:56.2,58.16 2 0
go-hexagonal/business/cart/service.go:63.2,64.17 2 0
go-hexagonal/business/cart/service.go:78.2,80.16 2 0
go-hexagonal/business/cart/service.go:84.2,84.20 1 0
go-hexagonal/business/cart/service.go:100.2,100.12 1 0
go-hexagonal/business/cart/service.go:52.16,54.3 1 0
go-hexagonal/business/cart/service.go:58.16,60.3 1 0
go-hexagonal/business/cart/service.go:64.17,70.17 4 0
go-hexagonal/business/cart/service.go:70.17,72.4 1 0
go-hexagonal/business/cart/service.go:73.8,75.3 1 0
go-hexagonal/business/cart/service.go:80.16,82.3 1 0
go-hexagonal/business/cart/service.go:84.20,87.17 2 0
go-hexagonal/business/cart/service.go:87.17,89.4 1 0
go-hexagonal/business/cart/service.go:90.8,95.17 3 0
go-hexagonal/business/cart/service.go:95.17,97.4 1 0
go-hexagonal/business/cart/service.go:103.84,106.16 2 0
go-hexagonal/business/cart/service.go:110.2,110.12 1 0
go-hexagonal/business/cart/service.go:106.16,108.3 1 0
go-hexagonal/business/cart/service.go:113.95,116.16 2 0
go-hexagonal/business/cart/service.go:120.2,120.12 1 0
go-hexagonal/business/cart/service.go:116.16,118.3 1 0
go-hexagonal/business/transaction/transaction.go:42.178,54.2 1 0
go-hexagonal/business/product/mocks/Repository.go:14.73,18.59 3 1
go-hexagonal/business/product/mocks/Repository.go:26.2,27.48 2 1
go-hexagonal/business/product/mocks/Repository.go:33.2,33.15 1 1
go-hexagonal/business/product/mocks/Repository.go:18.59,20.3 1 0
go-hexagonal/business/product/mocks/Repository.go:20.8,21.24 1 1
go-hexagonal/business/product/mocks/Repository.go:21.24,23.4 1 1
go-hexagonal/business/product/mocks/Repository.go:27.48,29.3 1 0
go-hexagonal/business/product/mocks/Repository.go:29.8,31.3 1 1
go-hexagonal/business/product/mocks/Repository.go:36.120,40.82 3 1
go-hexagonal/business/product/mocks/Repository.go:48.2,49.69 2 1
go-hexagonal/business/product/mocks/Repository.go:55.2,55.16 1 1
go-hexagonal/business/product/mocks/Repository.go:40.82,42.3 1 0
go-hexagonal/business/product/mocks/Repository.go:42.8,43.24 1 1
go-hexagonal/business/product/mocks/Repository.go:43.24,45.4 1 1
go-hexagonal/business/product/mocks/Repository.go:49.69,51.3 1 0
go-hexagonal/business/product/mocks/Repository.go:51.8,53.3 1 1
go-hexagonal/business/product/mocks/Repository.go:58.64,62.60 3 1
go-hexagonal/business/product/mocks/Repository.go:68.2,68.11 1 1
go-hexagonal/business/product/mocks/Repository.go:62.60,64.3 1 0
go-hexagonal/business/product/mocks/Repository.go:64.8,66.3 1 1
go-hexagonal/business/product/mocks/Repository.go:71.64,75.60 3 1
go-hexagonal/business/product/mocks/Repository.go:81.2,81.11 1 1
go-hexagonal/business/product/mocks/Repository.go:75.60,77.3 1 0
go-hexagonal/business/product/mocks/Repository.go:77.8,79.3 1 1
go-hexagonal/business/product/mocks/Repository.go:84.58,88.58 3 1
go-hexagonal/business/product/mocks/Repository.go:94.2,94.11 1 1
go-hexagonal/business/product/mocks/Repository.go:88.58,90.3 1 0
go-hexagonal/business/product/mocks/Repository.go:90.8,92.3 1 1
go-hexagonal/business/user/mocks/Service.go:17.79,21.59 3 0
go-hexagonal/business/user/mocks/Service.go:29.2,30.53 2 0
go-hexagonal/business/user/mocks/Service.go:36.2,36.15 1 0
go-hexagonal/business/user/mocks/Service.go:21.59,23.3 1 0
go-hexagonal/business/user/mocks/Service.go:23.8,24.24 1 0
go-hexagonal/business/user/mocks/Service.go:24.24,26.4 1 0
go-hexagonal/business/user/mocks/Service.go:30.53,32.3 1 0
go-hexagonal/business/user/mocks/Service.go:32.8,34.3 1 0
go-hexagonal/business/user/mocks/Service.go:40.61,44.53 3 0
go-hexagonal/business/user/mocks/Service.go:52.2,53.48 2 0
go-hexagonal/business/user/mocks/Service.go:59.2,59.15 1 0
go-hexagonal/business/user/mocks/Service.go:44.53,46.3 1 0
go-hexagonal/business/user/mocks/Service.go:46.8,47.24 1 0
go-hexagonal/business/user/mocks/Service.go:47.24,49.4 1 0
go-hexagonal/business/user/mocks/Service.go:53.48,55.3 1 0
go-hexagonal/business/user/mocks/Service.go:55.8,57.3 1 0
go-hexagonal/business/user/mocks/Service.go:62.76,66.56 3 0
go-hexagonal/business/user/mocks/Service.go:74.2,75.51 2 0
go-hexagonal/business/user/mocks/Service.go:81.2,81.15 1 0
go-hexagonal/business/user/mocks/Service.go:66.56,68.3 1 0
go-hexagonal/business/user/mocks/Service.go:68.8,69.24 1 0
go-hexagonal/business/user/mocks/Service.go:69.24,71.4 1 0
go-hexagonal/business/user/mocks/Service.go:75.51,77.3 1 0
go-hexagonal/business/user/mocks/Service.go:77.8,79.3 1 0
go-hexagonal/business/user/mocks/Service.go:85.104,89.64 3 0
go-hexagonal/business/user/mocks/Service.go:97.2,98.59 2 0
go-hexagonal/business/user/mocks/Service.go:104.2,104.15 1 0
go-hexagonal/business/user/mocks/Service.go:89.64,91.3 1 0
go-hexagonal/business/user/mocks/Service.go:91.8,92.24 1 0
go-hexagonal/business/user/mocks/Service.go:92.24,94.4 1 0
go-hexagonal/business/user/mocks/Service.go:98.59,100.3 1 0
go-hexagonal/business/user/mocks/Service.go:100.8,102.3 1 0
go-hexagonal/business/user/mocks/Service.go:108.91,112.72 3 0
go-hexagonal/business/user/mocks/Service.go:118.2,118.11 1 0
go-hexagonal/business/user/mocks/Service.go:112.72,114.3 1 0
go-hexagonal/business/user/mocks/Service.go:114.8,116.3 1 0
go-hexagonal/business/user/mocks/Service.go:123.97,127.69 3 0
go-hexagonal/business/user/mocks/Service.go:133.2,133.11 1 0
go-hexagonal/business/user/mocks/Service.go:127.69,129.3 1 0
go-hexagonal/business/user/mocks/Service.go:129.8,131.3 1 0
go-hexagonal/business/product/product.go:29.31,43.2 1 1
go-hexagonal/business/user/service.go:34.53,38.2 1 0
go-hexagonal/business/user/service.go:40.70,43.16 2 0
go-hexagonal/business/user/service.go:46.2,46.18 1 0
go-hexagonal/business/user/service.go:43.16,45.3 1 0
go-hexagonal/business/user/service.go:52.98,56.16 2 0
go-hexagonal/business/user/service.go:60.2,60.18 1 0
go-hexagonal/business/user/service.go:56.16,58.3 1 0
go-hexagonal/business/user/service.go:64.73,67.16 2 0
go-hexagonal/business/user/service.go:71.2,71.18 1 0
go-hexagonal/business/user/service.go:67.16,69.3 1 0
go-hexagonal/business/user/service.go:75.85,77.16 2 0
go-hexagonal/business/user/service.go:81.2,95.16 3 0
go-hexagonal/business/user/service.go:99.2,99.12 1 0
go-hexagonal/business/user/service.go:77.16,79.3 1 0
go-hexagonal/business/user/service.go:95.16,97.3 1 0
go-hexagonal/business/user/service.go:103.118,107.16 2 0
go-hexagonal/business/user/service.go:115.2,118.16 3 0
go-hexagonal/business/user/service.go:121.2,121.12 1 0
go-hexagonal/business/user/service.go:107.16,109.3 1 0
go-hexagonal/business/user/service.go:109.8,109.24 1 0
go-hexagonal/business/user/service.go:109.24,111.3 1 0
go-hexagonal/business/user/service.go:111.8,111.43 1 0
go-hexagonal/business/user/service.go:111.43,113.3 1 0
go-hexagonal/business/user/service.go:118.16,120.3 1 0
go-hexagonal/business/category/service.go:21.48,25.2 1 0
go-hexagonal/business/category/service.go:27.63,30.16 2 0
go-hexagonal/business/category/service.go:34.2,34.22 1 0
go-hexagonal/business/category/service.go:30.16,32.3 1 0
go-hexagonal/business/category/service.go:37.81,40.16 2 0
go-hexagonal/business/category/service.go:44.2,44.22 1 0
go-hexagonal/business/category/service.go:40.16,42.3 1 0
go-hexagonal/business/category/service.go:47.97,49.16 2 0
go-hexagonal/business/category/service.go:53.2,59.16 3 0
go-hexagonal/business/category/service.go:63.2,63.12 1 0
go-hexagonal/business/category/service.go:49.16,51.3 1 0
go-hexagonal/business/category/service.go:59.16,61.3 1 0
go-hexagonal/business/category/service.go:66.87,69.16 2 0
go-hexagonal/business/category/service.go:75.2,78.41 3 0
go-hexagonal/business/category/service.go:69.16,71.3 1 0
go-hexagonal/business/category/service.go:71.8,71.28 1 0
go-hexagonal/business/category/service.go:71.28,73.3 1 0
go-hexagonal/business/category/service.go:81.48,84.16 2 0
go-hexagonal/business/category/service.go:88.2,88.12 1 0
go-hexagonal/business/category/service.go:84.16,86.3 1 0
go-hexagonal/business/user/mocks/Repository.go:17.82,21.60 3 0
go-hexagonal/business/user/mocks/Repository.go:29.2,30.53 2 0
go-hexagonal/business/user/mocks/Repository.go:36.2,36.16 1 0
go-hexagonal/business/user/mocks/Repository.go:21.60,23.3 1 0
go-hexagonal/business/user/mocks/Repository.go:23.8,24.24 1 0
go-hexagonal/business/user/mocks/Repository.go:24.24,26.4 1 0
go-hexagonal/business/user/mocks/Repository.go:30.53,32.3 1 0
go-hexagonal/business/user/mocks/Repository.go:32.8,34.3 1 0
go-hexagonal/business/user/mocks/Repository.go:40.64,44.53 3 0
go-hexagonal/business/user/mocks/Repository.go:52.2,53.48 2 0
go-hexagonal/business/user/mocks/Repository.go:59.2,59.15 1 0
go-hexagonal/business/user/mocks/Repository.go:44.53,46.3 1 0
go-hexagonal/business/user/mocks/Repository.go:46.8,47.24 1 0
go-hexagonal/business/user/mocks/Repository.go:47.24,49.4 1 0
go-hexagonal/business/user/mocks/Repository.go:53.48,55.3 1 0
go-hexagonal/business/user/mocks/Repository.go:55.8,57.3 1 0
go-hexagonal/business/user/mocks/Repository.go:62.79,66.56 3 0
go-hexagonal/business/user/mocks/Repository.go:74.2,75.51 2 0
go-hexagonal/business/user/mocks/Repository.go:81.2,81.15 1 0
go-hexagonal/business/user/mocks/Repository.go:66.56,68.3 1 0
go-hexagonal/business/user/mocks/Repository.go:68.8,69.24 1 0
go-hexagonal/business/user/mocks/Repository.go:69.24,71.4 1 0
go-hexagonal/business/user/mocks/Repository.go:75.51,77.3 1 0
go-hexagonal/business/user/mocks/Repository.go:77.8,79.3 1 0
go-hexagonal/business/user/mocks/Repository.go:85.107,89.64 3 0
go-hexagonal/business/user/mocks/Repository.go:97.2,98.59 2 0
go-hexagonal/business/user/mocks/Repository.go:104.2,104.15 1 0
go-hexagonal/business/user/mocks/Repository.go:89.64,91.3 1 0
go-hexagonal/business/user/mocks/Repository.go:91.8,92.24 1 0
go-hexagonal/business/user/mocks/Repository.go:92.24,94.4 1 0
go-hexagonal/business/user/mocks/Repository.go:98.59,100.3 1 0
go-hexagonal/business/user/mocks/Repository.go:100.8,102.3 1 0
go-hexagonal/business/user/mocks/Repository.go:108.55,112.54 3 0
go-hexagonal/business/user/mocks/Repository.go:118.2,118.11 1 0
go-hexagonal/business/user/mocks/Repository.go:112.54,114.3 1 0
go-hexagonal/business/user/mocks/Repository.go:114.8,116.3 1 0
go-hexagonal/business/user/mocks/Repository.go:122.75,126.59 3 0
go-hexagonal/business/user/mocks/Repository.go:132.2,132.11 1 0
go-hexagonal/business/user/mocks/Repository.go:126.59,128.3 1 0
go-hexagonal/business/user/mocks/Repository.go:128.8,130.3 1 0
go-hexagonal/business/product/service.go:29.48,33.2 1 1
go-hexagonal/business/product/service.go:35.61,39.16 2 1
go-hexagonal/business/product/service.go:43.2,43.21 1 1
go-hexagonal/business/product/service.go:39.16,41.3 1 1
go-hexagonal/business/product/service.go:46.112,49.16 2 1
go-hexagonal/business/product/service.go:53.2,53.21 1 1
go-hexagonal/business/product/service.go:49.16,51.3 1 0
go-hexagonal/business/product/service.go:56.94,58.16 2 1
go-hexagonal/business/product/service.go:62.2,73.16 3 1
go-hexagonal/business/product/service.go:77.2,77.12 1 1
go-hexagonal/business/product/service.go:58.16,60.3 1 1
go-hexagonal/business/product/service.go:73.16,75.3 1 1
go-hexagonal/business/product/service.go:80.84,83.16 2 1
go-hexagonal/business/product/service.go:89.2,98.39 7 1
go-hexagonal/business/product/service.go:83.16,85.3 1 1
go-hexagonal/business/product/service.go:85.8,85.27 1 1
go-hexagonal/business/product/service.go:85.27,87.3 1 0
go-hexagonal/business/product/service.go:101.47,104.16 2 1
go-hexagonal/business/product/service.go:108.2,108.12 1 1
go-hexagonal/business/product/service.go:104.16,106.3 1 1
go-hexagonal/business/cart/cart.go:36.69,43.2 1 0
go-hexagonal/business/cart/cart.go:45.95,53.2 1 0
go-hexagonal/business/transaction/service.go:32.48,36.2 1 0
go-hexagonal/business/transaction/service.go:38.98,41.16 2 0
go-hexagonal/business/transaction/service.go:45.2,58.16 3 0
go-hexagonal/business/transaction/service.go:62.2,63.55 2 0
go-hexagonal/business/transaction/service.go:101.2,101.25 1 0
go-hexagonal/business/transaction/service.go:41.16,43.3 1 0
go-hexagonal/business/transaction/service.go:58.16,60.3 1 0
go-hexagonal/business/transaction/service.go:63.55,66.17 2 0
go-hexagonal/business/transaction/service.go:70.3,85.17 4 0
go-hexagonal/business/transaction/service.go:89.3,92.17 3 0
go-hexagonal/business/transaction/service.go:96.3,98.46 2 0
go-hexagonal/business/transaction/service.go:66.17,68.4 1 0
go-hexagonal/business/transaction/service.go:85.17,87.4 1 0
go-hexagonal/business/transaction/service.go:92.17,94.4 1 0
go-hexagonal/business/transaction/service.go:104.95,107.16 2 0
go-hexagonal/business/transaction/service.go:111.2,111.26 1 0
go-hexagonal/business/transaction/service.go:107.16,109.3 1 0
go-hexagonal/business/transaction/service.go:114.82,117.16 2 0
go-hexagonal/business/transaction/service.go:121.2,121.25 1 0
go-hexagonal/business/transaction/service.go:117.16,119.3 1 0
go-hexagonal/business/transaction/service.go:124.77,127.16 2 0
go-hexagonal/business/transaction/service.go:131.2,131.12 1 0
go-hexagonal/business/transaction/service.go:127.16,129.3 1 0
go-hexagonal/business/transaction/service.go:134.62,137.16 2 0
go-hexagonal/business/transaction/service.go:141.2,141.12 1 0
go-hexagonal/business/transaction/service.go:137.16,139.3 1 0
